<?xml version="1.0" encoding="UTF-8"?>
<!-- Generated by org.testng.reporters.JUnitReportReporter -->
<testsuite hostname="EN1210542" failures="0" tests="1" name="Tests.TEst123" time="0.015" errors="0" timestamp="2024-10-23T11:42:23 EEST" skipped="0">
  <testcase classname="Tests.TEst123" name="streamCollect" time="0.015"/>
  <system-out/>
</testsuite> <!-- Tests.TEst123 -->
