<?xml version="1.0" encoding="UTF-8"?>
<!-- Generated by org.testng.reporters.JUnitReportReporter -->
<testsuite hostname="EN1210542" failures="0" tests="2" name="Tests.day2" time="0.002" errors="0" timestamp="2024-10-24T18:21:13 EEST" skipped="0">
  <testcase classname="Tests.day2" name="LoginApiHomeLoan" time="0.001"/>
  <system-out/>
  <testcase classname="Tests.day2" name="WebLoginHomeLoan" time="0.001"/>
  <system-out/>
</testsuite> <!-- Tests.day2 -->
