<?xml version="1.0" encoding="UTF-8"?>
<!-- Generated by org.testng.reporters.JUnitReportReporter -->
<testsuite hostname="EN1210542" failures="0" tests="1" name="Tests.day1" time="0.008" errors="0" timestamp="2024-10-24T18:21:13 EEST" skipped="0">
  <testcase classname="Tests.day1" name="demo" time="0.008"/>
  <system-out/>
</testsuite> <!-- Tests.day1 -->
